[W2] Input=C:\Users\Arno\Desktop\祝冕卜\过切检查\input
[W2] Output=C:\Users\Arno\Desktop\祝冕卜\过切检查\output
[W2] DLL=C:\Users\Arno\Desktop\祝冕卜\过切检查\scripts\guoqiejiancha.dll
[W2] DLL: C:\Users\Arno\Desktop\祝冕卜\过切检查\scripts\guoqiejiancha.dll
[W2] 分配到 1 个文件（共 4 个）

[W2] [1/1] [W2] U2-04-M260040-P2.prt
[W2]   OK (2.9s) -> C:\Users\Arno\Desktop\祝冕卜\过切检查\output\prt\U2-04-M260040-P2.prt

[W2] DONE in 2.9s. OK: 1  Failed: 0
===== Processing: U2-04-M260040-P2 =====
[1/3] Generating toolpaths...
>>> [TP-1] 进入 GenerateToolpaths
    [TP-3] CAMSetup 获取成功
    [TP-4] 获取??OperationCollection，遍??..
    [TP-5] 找到 5 个工序\n    [TP-GEN] 调用 GenerateToolPath...
        OK
    [TP-DONE]
  [STEP1] 2.09s
[2/3] Gouge check + Save PRT (in-place)...
>>> [GC-1] 进入 DoGougeCheck
    [GC-3] 待检查工序数: 5
    [GC-4] 启动 EnterSpammer 后台按键线程
    [GC-5.1] 工序: A_ZXZ
        [GC-7] GougeCheck 完成
    [GC-5.2] 工序: A_M_A14
        [GC-7] GougeCheck 完成
    [GC-5.3] 工序: A_M1_A18
        [GC-7] GougeCheck 完成
    [GC-5.4] 工序: A_C_32U
        [GC-7] GougeCheck 完成
    [GC-5.5] 工序: A_X_M1_D14
        [GC-7] GougeCheck 完成
    [GC-8] 停止 EnterSpammer
    [GC-9] Save 当前部件...
    [GC-10] Save 成功
<<< [GC-11] 过切检查完成。成?? 5 个\n  [STEP2] 0.52s
[3/3] Exporting JSON...
>>> [JS-1] 进入 ExportJSON
    [JS-3] 工序?? 5
    [JS-4] 写入 JSON 文件...
<<< [JS-5] 退??ExportJSON 成功
  [STEP3] 0.00s
===== Done. Total: 2.61s =====
