[W0] Input=C:\Users\Arno\Desktop\祝冕卜\过切检查\input
[W0] Output=C:\Users\Arno\Desktop\祝冕卜\过切检查\output
[W0] DLL=C:\Users\Arno\Desktop\祝冕卜\过切检查\scripts\guoqiejiancha.dll
[W0] DLL: C:\Users\Arno\Desktop\祝冕卜\过切检查\scripts\guoqiejiancha.dll
[W0] 分配到 1 个文件（共 4 个）

[W0] [1/1] [W0] B1-01-M260040-P2.prt
[W0]   OK (105.2s) -> C:\Users\Arno\Desktop\祝冕卜\过切检查\output\prt\B1-01-M260040-P2.prt

[W0] DONE in 105.5s. OK: 1  Failed: 0
===== Processing: B1-01-M260040-P2 =====
[1/3] Generating toolpaths...
>>> [TP-1] 进入 GenerateToolpaths
    [TP-3] CAMSetup 获取成功
    [TP-4] 获取??OperationCollection，遍??..
    [TP-5] 找到 11 个工序\n    [TP-GEN] 调用 GenerateToolPath...
        OK
    [TP-DONE]
  [STEP1] 102.75s
[2/3] Gouge check + Save PRT (in-place)...
>>> [GC-1] 进入 DoGougeCheck
    [GC-3] 待检查工序数: 11
    [GC-4] 启动 EnterSpammer 后台按键线程
    [GC-5.1] 工序: A_ZXZ
        [GC-7] GougeCheck 完成
    [GC-5.2] 工序: A_M_A6.8
        [GC-7] GougeCheck 完成
    [GC-5.3] 工序: A_C_25U
        [GC-7] GougeCheck 完成
    [GC-5.4] 工序: A_M1_27U
        [GC-7] GougeCheck 完成
    [GC-5.5] 工序: A_X_C_D14
        [GC-7] GougeCheck 完成
    [GC-5.6] 工序: B_ZXZ
        [GC-7] GougeCheck 完成
    [GC-5.7] 工序: B_M2_A18
        [GC-7] GougeCheck 完成
    [GC-5.8] 工序: B_X_M2_D14
        [GC-7] GougeCheck 完成
    [GC-5.9] 工序: ????_160_???_SIMPLE_32R0.8
        [GC-7] GougeCheck 完成
    [GC-5.10] 工序: ????_160_???_SIMPLE_D10
        [GC-7] GougeCheck 完成
    [GC-5.11] 工序: ????_160_???_SIMPLE_D4
        [GC-7] GougeCheck 完成
    [GC-8] 停止 EnterSpammer
    [GC-9] Save 当前部件...
    [GC-10] Save 成功
<<< [GC-11] 过切检查完成。成?? 11 个\n  [STEP2] 1.98s
[3/3] Exporting JSON...
>>> [JS-1] 进入 ExportJSON
    [JS-3] 工序?? 11
    [JS-4] 写入 JSON 文件...
<<< [JS-5] 退??ExportJSON 成功
  [STEP3] 0.00s
===== Done. Total: 104.74s =====
