===== Processing: B2-02-M260040-P2 =====
[1/3] Generating toolpaths...
>>> [TP-1] 进入 GenerateToolpaths
    [TP-3] CAMSetup 获取成功
    [TP-4] 获取??OperationCollection，遍??..
    [TP-5] 找到 7 个工序\n    [TP-7] 调用批量 GenerateToolPath...
    [TP-8] 批量生成成功
<<< [TP-11] 退??GenerateToolpaths
  [STEP1] 72.25s
[2/3] Gouge check + Save PRT (in-place)...
>>> [GC-1] 进入 DoGougeCheck
    [GC-3] 待检查工序数: 7
    [GC-4] 启动 EnterSpammer 后台按键线程
    [GC-5.1] 工序: A_ZXZ
        [GC-7] GougeCheck 完成
    [GC-5.2] 工序: A_M1_A18
        [GC-7] GougeCheck 完成
    [GC-5.3] 工序: ????_110_???_SIMPLE_32R0.8
        [GC-7] GougeCheck 完成
    [GC-5.4] 工序: ????_110_???_SIMPLE_D10
        [GC-7] GougeCheck 完成
    [GC-5.5] 工序: B_ZXZ
        [GC-7] GougeCheck 完成
    [GC-5.6] 工序: B_M_A14
        [GC-7] GougeCheck 完成
    [GC-5.7] 工序: B_M1_25U
        [GC-7] GougeCheck 完成
    [GC-8] 停止 EnterSpammer
    [GC-9] Save 当前部件...
    [GC-10] Save 成功
<<< [GC-11] 过切检查完成。成?? 7 个\n  [STEP2] 1.16s
[3/3] Exporting JSON...
>>> [JS-1] 进入 ExportJSON
    [JS-3] 工序?? 7
    [JS-4] 写入 JSON 文件...
<<< [JS-5] 退??ExportJSON 成功
  [STEP3] 0.00s
===== Done. Total: 73.41s =====
===== Processing: DIE-03-M260040-P2 =====
[1/3] Generating toolpaths...
>>> [TP-1] 进入 GenerateToolpaths
    [TP-3] CAMSetup 获取成功
    [TP-4] 获取??OperationCollection，遍??..
    [TP-5] 找到 22 个工序\n    [TP-7] 调用批量 GenerateToolPath...
    [TP-8] 批量生成成功
<<< [TP-11] 退??GenerateToolpaths
  [STEP1] 183.72s
[2/3] Gouge check + Save PRT (in-place)...
>>> [GC-1] 进入 DoGougeCheck
    [GC-3] 待检查工序数: 22
    [GC-4] 启动 EnterSpammer 后台按键线程
    [GC-5.1] 工序: A_ZXZ
        [GC-7] GougeCheck 完成
    [GC-5.2] 工序: A_W_A6
        [GC-7] GougeCheck 完成
    [GC-5.3] 工序: A_L1_A8
        [GC-7] GougeCheck 完成
    [GC-5.4] 工序: A_C_A8.1
        [GC-7] GougeCheck 完成
    [GC-5.5] 工序: A_M1_A13.5
        [GC-7] GougeCheck 完成
    [GC-5.6] 工序: A_X_M1_D10
        [GC-7] GougeCheck 完成
    [GC-5.7] 工序: ????_110_???_SIMPLE_32R0.8
        [GC-7] GougeCheck 完成
    [GC-5.8] 工序: ????_110_???_SIMPLE_D10
        [GC-7] GougeCheck 完成
    [GC-5.9] 工序: ????_110_???_SIMPLE_D6
        [GC-7] GougeCheck 完成
    [GC-5.10] 工序: ????_110_???_SIMPLE_32R0.8_1
        [GC-7] GougeCheck 完成
    [GC-5.11] 工序: ????_110_???_SIMPLE_D10_1
        [GC-7] GougeCheck 完成
    [GC-5.12] 工序: ????_110_???????_SIMPLE_D14
        [GC-7] GougeCheck 完成
    [GC-5.13] 工序: ????_110_???????_SIMPLE_D3
        [GC-7] GougeCheck 完成
    [GC-5.14] 工序: B_ZXZ
        [GC-7] GougeCheck 完成
    [GC-5.15] 工序: B_L_A4
        [GC-7] GougeCheck 完成
    [GC-5.16] 工序: B_M_A6.8
        [GC-7] GougeCheck 完成
    [GC-5.17] 工序: ??_170_???_SIMPLE_D10
        [GC-7] GougeCheck 完成
    [GC-5.18] 工序: ??_170_MIAN1_SIMPLE_D10
        [GC-7] GougeCheck 完成
    [GC-5.19] 工序: ???_170_MIAN1_SIMPLE_D10
        [GC-7] GougeCheck 完成
    [GC-5.20] 工序: ???_170_???????_SIMPLE_D10
        [GC-7] GougeCheck 完成
    [GC-5.21] 工序: ???_170_???????_SIMPLE_D10
        [GC-7] GougeCheck 完成
    [GC-5.22] 工序: ???_170_???????_SIMPLE_10.45
        [GC-7] GougeCheck 完成
    [GC-8] 停止 EnterSpammer
    [GC-9] Save 当前部件...
    [GC-10] Save 成功
<<< [GC-11] 过切检查完成。成?? 22 个\n  [STEP2] 4.42s
[3/3] Exporting JSON...
>>> [JS-1] 进入 ExportJSON
    [JS-3] 工序?? 22
    [JS-4] 写入 JSON 文件...
<<< [JS-5] 退??ExportJSON 成功
  [STEP3] 0.00s
===== Done. Total: 188.14s =====
===== Processing: DIE-06-M260040-P2 =====
[1/3] Generating toolpaths...
>>> [TP-1] 进入 GenerateToolpaths
    [TP-3] CAMSetup 获取成功
    [TP-4] 获取??OperationCollection，遍??..
    [TP-5] 找到 22 个工序\n    [TP-7] 调用批量 GenerateToolPath...
    [TP-8] 批量生成成功
<<< [TP-11] 退??GenerateToolpaths
  [STEP1] 402.71s
[2/3] Gouge check + Save PRT (in-place)...
>>> [GC-1] 进入 DoGougeCheck
    [GC-3] 待检查工序数: 22
    [GC-4] 启动 EnterSpammer 后台按键线程
    [GC-5.1] 工序: A_ZXZ
        [GC-7] GougeCheck 完成
    [GC-5.2] 工序: A_L1_A8
        [GC-7] GougeCheck 完成
  