===== Processing: B1-01-M260040-P2 =====
[1/3] Generating toolpaths...
>>> [TP-1] 进入 GenerateToolpaths
    [TP-3] CAMSetup 获取成功
    [TP-4] 获取??OperationCollection，遍??..
    [TP-5] 找到 11 个工序\n    [TP-7] 调用批量 GenerateToolPath...
    [TP-8] 批量生成成功
<<< [TP-11] 退??GenerateToolpaths
  [STEP1] 91.53s
[2/3] Gouge check + Save PRT (in-place)...
>>> [GC-1] 进入 DoGougeCheck
    [GC-3] 待检查工序数: 11
    [GC-4] 启动 EnterSpammer 后台按键线程
    [GC-5.1] 工序: A_ZXZ
        [GC-7] GougeCheck 完成
    [GC-5.2] 工序: A_M_A6.8
        [GC-7] GougeCheck 完成
    [GC-5.3] 工序: A_C_25U
        [GC-7] GougeCheck 完成
    [GC-5.4] 工序: A_M1_27U
        [GC-7] GougeCheck 完成
    [GC-5.5] 工序: A_X_C_D14
        [GC-7] GougeCheck 完成
    [GC-5.6] 工序: B_ZXZ
        [GC-7] GougeCheck 完成
    [GC-5.7] 工序: B_M2_A18
        [GC-7] GougeCheck 完成
    [GC-5.8] 工序: B_X_M2_D14
        [GC-7] GougeCheck 完成
    [GC-5.9] 工序: ????_160_???_SIMPLE_32R0.8
        [GC-7] GougeCheck 完成
    [GC-5.10] 工序: ????_160_???_SIMPLE_D10
        [GC-7] GougeCheck 完成
    [GC-5.11] 工序: ????_160_???_SIMPLE_D4
        [GC-7] GougeCheck 完成
    [GC-8] 停止 EnterSpammer
    [GC-9] Save 当前部件...
    [GC-10] Save 成功
<<< [GC-11] 过切检查完成。成?? 11 个\n  [STEP2] 2.15s
[3/3] Exporting JSON...
>>> [JS-1] 进入 ExportJSON
    [JS-3] 工序?? 11
    [JS-4] 写入 JSON 文件...
<<< [JS-5] 退??ExportJSON 成功
  [STEP3] 0.00s
===== Done. Total: 93.68s =====
===== Processing: B2-03-M260040-P2 =====
[1/3] Generating toolpaths...
>>> [TP-1] 进入 GenerateToolpaths
    [TP-3] CAMSetup 获取成功
    [TP-4] 获取??OperationCollection，遍??..
    [TP-5] 找到 8 个工序\n    [TP-7] 调用批量 GenerateToolPath...
    [TP-8] 批量生成成功
<<< [TP-11] 退??GenerateToolpaths
  [STEP1] 145.16s
[2/3] Gouge check + Save PRT (in-place)...
>>> [GC-1] 进入 DoGougeCheck
    [GC-3] 待检查工序数: 8
    [GC-4] 启动 EnterSpammer 后台按键线程
    [GC-5.1] 工序: A_ZXZ
        [GC-7] GougeCheck 完成
    [GC-5.2] 工序: A_M1_A18
        [GC-7] GougeCheck 完成
    [GC-5.3] 工序: ????_110_???_SIMPLE_32R0.8
        [GC-7] GougeCheck 完成
    [GC-5.4] 工序: ????_110_???_SIMPLE_D10
        [GC-7] GougeCheck 完成
    [GC-5.5] 工序: ????_110_???_SIMPLE_D8.0
        [GC-7] GougeCheck 完成
    [GC-5.6] 工序: B_ZXZ
        [GC-7] GougeCheck 完成
    [GC-5.7] 工序: B_M_A14
        [GC-7] GougeCheck 完成
    [GC-5.8] 工序: B_M1_25U
        [GC-7] GougeCheck 完成
    [GC-8] 停止 EnterSpammer
    [GC-9] Save 当前部件...
    [GC-10] Save 成功
<<< [GC-11] 过切检查完成。成?? 8 个\n  [STEP2] 1.48s
[3/3] Exporting JSON...
>>> [JS-1] 进入 ExportJSON
    [JS-3] 工序?? 8
    [JS-4] 写入 JSON 文件...
<<< [JS-5] 退??ExportJSON 成功
  [STEP3] 0.00s
===== Done. Total: 146.64s =====
===== Processing: DIE-04-M260040-P2 =====
[1/3] Generating toolpaths...
>>> [TP-1] 进入 GenerateToolpaths
    [TP-3] CAMSetup 获取成功
    [TP-4] 获取??OperationCollection，遍??..
    [TP-5] 找到 8 个工序\n    [TP-7] 调用批量 GenerateToolPath...
    [TP-8] 批量生成成功
<<< [TP-11] 退??GenerateToolpaths
  [STEP1] 7.50s
[2/3] Gouge check + Save PRT (in-place)...
>>> [GC-1] 进入 DoGougeCheck
    [GC-3] 待检查工序数: 8
    [GC-4] 启动 EnterSpammer 后台按键线程
    [GC-5.1] 工序: A_ZXZ
        [GC-7] GougeCheck 完成
    [GC-5.2] 工序: A_L_A6
        [GC-7] GougeCheck 完成
    [GC-5.3] 工序: A_M_A10.5
        [GC-7] GougeCheck 完成
    [GC-5.4] 工序: A_X_M_D10
        [GC-7] GougeCheck 完成
    [GC-5.5] 工序: ????_110_???????_SIMPLE_17R0.8
        [GC-7] GougeCheck 完成
    [GC-5.6] 工序: ????_110_???????_SIMPLE_D14
        [GC-7] GougeCheck 完成
    [GC-5.7] 工序: ????_160_???_SIMPLE_32R0.8
        [GC-7] GougeCheck 完成
    [GC-5.8] 工序: ????_160_D4-????_SIMPLE_50R5
        [GC-7] GougeCheck 完成
    [GC-8] 停止 EnterSpammer
    [GC-9] Save 当前部件...
    [GC-10] Save 成功
<<< [GC-11] 过切检查完成。成?? 8 个\n  [STEP2] 14.51s
[3/3] Exporting JSON...
>>> [JS-1] 进入 ExportJSON
    [JS-3] 工序?? 8
    [JS-4] 写入 JSON 文件...
<<< [JS-5] 退??ExportJSON 成功
  [STEP3] 0.00s
===== Done. Total: 22.02s =====
===== Processing: